
2016-03-10 10:32:43:
array (
  70732 => 
  array (
    'text' => 'Невозможно установить приложение (режим разработки)',
    'result' => 'fail',
    't' => 1457595163,
  ),
)
2016-03-10 10:33:06:
array (
  41170 => 
  array (
    'text' => '[`Settings saved`]',
    'result' => 'success',
    't' => 1457595186,
  ),
)
2016-03-21 13:08:41:
array (
  50753 => 
  array (
    'text' => 'Невозможно установить приложение (режим разработки)',
    'result' => 'fail',
    't' => 1458554921,
  ),
)
2016-03-24 18:55:09:
array (
  44372 => 
  array (
    'text' => 'Unable to install application (developer version is on)',
    'result' => 'fail',
    't' => 1458834909,
  ),
)
2016-03-24 18:55:35:
array (
  58575 => 
  array (
    'text' => '[`Settings saved`]',
    'result' => 'success',
    't' => 1458834935,
  ),
)
2016-03-24 18:55:38:
array (
  29114 => 
  array (
    'text' => '[`Settings saved`]',
    'result' => 'success',
    't' => 1458834938,
  ),
)