
2016-03-03 16:15:38:
Output at installerUpdateExecuteController::execute: <br />
<b>Deprecated</b>:  Methods with the same name as their class will not be constructors in a future version of PHP; PEAR has a deprecated constructor in <b>C:\Users\Nikita\Dropbox\Amethyst\360boardshop\wa-installer\lib\vendors\PEAR\PEAR.php</b> on line <b>102</b><br />
<br />
<b>Deprecated</b>:  Methods with the same name as their class will not be constructors in a future version of PHP; PEAR_Error has a deprecated constructor in <b>C:\Users\Nikita\Dropbox\Amethyst\360boardshop\wa-installer\lib\vendors\PEAR\PEAR.php</b> on line <b>830</b><br />
<br />
<b>Deprecated</b>:  Methods with the same name as their class will not be constructors in a future version of PHP; Archive_Tar has a deprecated constructor in <b>C:\Users\Nikita\Dropbox\Amethyst\360boardshop\wa-installer\lib\vendors\PEAR\Tar.php</b> on line <b>151</b><br />

2016-03-03 16:17:04:
Output at installerUpdateExecuteController::execute: <br />
<b>Deprecated</b>:  Methods with the same name as their class will not be constructors in a future version of PHP; PEAR has a deprecated constructor in <b>C:\Users\Nikita\Dropbox\Amethyst\360boardshop\wa-installer\lib\vendors\PEAR\PEAR.php</b> on line <b>102</b><br />
<br />
<b>Deprecated</b>:  Methods with the same name as their class will not be constructors in a future version of PHP; PEAR_Error has a deprecated constructor in <b>C:\Users\Nikita\Dropbox\Amethyst\360boardshop\wa-installer\lib\vendors\PEAR\PEAR.php</b> on line <b>830</b><br />
<br />
<b>Deprecated</b>:  Methods with the same name as their class will not be constructors in a future version of PHP; Archive_Tar has a deprecated constructor in <b>C:\Users\Nikita\Dropbox\Amethyst\360boardshop\wa-installer\lib\vendors\PEAR\Tar.php</b> on line <b>151</b><br />

2016-03-03 16:17:44:
Output at installerUpdateExecuteController::execute: <br />
<b>Deprecated</b>:  Methods with the same name as their class will not be constructors in a future version of PHP; PEAR has a deprecated constructor in <b>C:\Users\Nikita\Dropbox\Amethyst\360boardshop\wa-installer\lib\vendors\PEAR\PEAR.php</b> on line <b>102</b><br />
<br />
<b>Deprecated</b>:  Methods with the same name as their class will not be constructors in a future version of PHP; PEAR_Error has a deprecated constructor in <b>C:\Users\Nikita\Dropbox\Amethyst\360boardshop\wa-installer\lib\vendors\PEAR\PEAR.php</b> on line <b>830</b><br />
<br />
<b>Deprecated</b>:  Methods with the same name as their class will not be constructors in a future version of PHP; Archive_Tar has a deprecated constructor in <b>C:\Users\Nikita\Dropbox\Amethyst\360boardshop\wa-installer\lib\vendors\PEAR\Tar.php</b> on line <b>151</b><br />

2016-03-03 16:26:46:
Output at installerUpdateExecuteController::execute: <br />
<b>Deprecated</b>:  Methods with the same name as their class will not be constructors in a future version of PHP; PEAR has a deprecated constructor in <b>C:\Users\Nikita\Dropbox\Amethyst\360boardshop\wa-installer\lib\vendors\PEAR\PEAR.php</b> on line <b>102</b><br />
<br />
<b>Deprecated</b>:  Methods with the same name as their class will not be constructors in a future version of PHP; PEAR_Error has a deprecated constructor in <b>C:\Users\Nikita\Dropbox\Amethyst\360boardshop\wa-installer\lib\vendors\PEAR\PEAR.php</b> on line <b>830</b><br />
<br />
<b>Deprecated</b>:  Methods with the same name as their class will not be constructors in a future version of PHP; Archive_Tar has a deprecated constructor in <b>C:\Users\Nikita\Dropbox\Amethyst\360boardshop\wa-installer\lib\vendors\PEAR\Tar.php</b> on line <b>151</b><br />
